require('common');

local settings = T{ };
settings["i"] = T{ };
settings["i"][1] = T{ };
settings["i"][2] = T{ };
settings["i"][3] = T{ };
settings["i"][4] = T{ };
settings["i"][5] = T{ };
settings["i"][6] = T{ };
settings["i"][7] = T{ };
settings["i"][8] = T{ };
settings["i"][9] = T{ };
settings["k"] = T{ };
settings["i"][1][1] = 1532;
settings["i"][1][2] = "Jade Cryptex";
settings["i"][2][1] = 1528;
settings["i"][2][2] = "Red Cryptex";
settings["i"][3][1] = 1529;
settings["i"][3][2] = "Dst. Engraving";
settings["i"][4][1] = 1533;
settings["i"][4][2] = "Silver Engraving";
settings["i"][5][1] = 1530;
settings["i"][5][2] = "7-Knot Quipu";
settings["i"][6][1] = 1535;
settings["i"][6][2] = "13-Knot Quipu";
settings["i"][7][1] = 1531;
settings["i"][7][2] = "Galka Fang Sack";
settings["i"][8][1] = 1534;
settings["i"][8][2] = "Mithra Fang Sack";
settings["i"][9][1] = 1539;
settings["i"][9][2] = "Hound Fang Sack";

return settings;
