require('common');

local settings = T{ };
settings["i"] = T{ };
settings["i"][1] = T{ };
settings["i"][2] = T{ };
settings["i"][3] = T{ };
settings["i"][4] = T{ };
settings["i"][5] = T{ };
settings["i"][6] = T{ };
settings["i"][7] = T{ };
settings["i"][8] = T{ };
settings["i"][9] = T{ };
settings["i"][10] = T{ };
settings["i"][11] = T{ };
settings["k"] = T{ };
settings["i"][1][1] = 1784;
settings["i"][1][2] = "Phuabo Organ";
settings["i"][2][1] = 1785;
settings["i"][2][2] = "Xzomit Organ";
settings["i"][3][1] = 1786;
settings["i"][3][2] = "Aern Organ";
settings["i"][4][1] = 1787;
settings["i"][4][2] = "Hpemde Organ";
settings["i"][5][1] = 1788;
settings["i"][5][2] = "Yovra Organ";
settings["i"][6][1] = 1818;
settings["i"][6][2] = "Euvhi Organ";
settings["i"][7][1] = 1852;
settings["i"][7][2] = "H.Q. Phuabo Org.";
settings["i"][8][1] = 1855;
settings["i"][8][2] = "H.Q. Xzomit Organ";
settings["i"][9][1] = 1871;
settings["i"][9][2] = "H.Q. Hpemde Org.";
settings["i"][10][1] = 1900;
settings["i"][10][2] = "H.Q. Aern Organ";
settings["i"][11][1] = 1899;
settings["i"][11][2] = "H.Q. Euvhi Organ";

return settings;
